<?xml version="1.0" encoding="UTF-8"?>
<testng-results ignored="0" total="4" passed="3" failed="1" skipped="0">
  <reporter-output>
  </reporter-output>
  <suite started-at="2024-02-14T08:06:26 IST" name="Default suite" finished-at="2024-02-14T08:06:43 IST" duration-ms="16742">
    <groups>
    </groups>
    <test started-at="2024-02-14T08:06:26 IST" name="Default test" finished-at="2024-02-14T08:06:43 IST" duration-ms="16742">
      <class name="TestNgAssertions.Soft_Assertion2">
        <test-method is-config="true" signature="launchBrowser()[pri:0, instance:TestNgAssertions.Soft_Assertion2@74f0ea28]" started-at="2024-02-14T08:06:14 IST" name="launchBrowser" finished-at="2024-02-14T08:06:26 IST" duration-ms="12191" status="PASS">
          <reporter-output>
          </reporter-output>
        </test-method> <!-- launchBrowser -->
        <test-method is-config="true" signature="launchURL()[pri:0, instance:TestNgAssertions.Soft_Assertion2@74f0ea28]" started-at="2024-02-14T08:06:26 IST" name="launchURL" finished-at="2024-02-14T08:06:32 IST" duration-ms="5663" status="PASS">
          <reporter-output>
          </reporter-output>
        </test-method> <!-- launchURL -->
        <test-method is-config="true" signature="waitForanApplicaton()[pri:0, instance:TestNgAssertions.Soft_Assertion2@74f0ea28]" started-at="2024-02-14T08:06:32 IST" name="waitForanApplicaton" finished-at="2024-02-14T08:06:32 IST" duration-ms="58" status="PASS">
          <reporter-output>
          </reporter-output>
        </test-method> <!-- waitForanApplicaton -->
        <test-method signature="enterUsername()[pri:1, instance:TestNgAssertions.Soft_Assertion2@74f0ea28]" started-at="2024-02-14T08:06:32 IST" name="enterUsername" finished-at="2024-02-14T08:06:36 IST" duration-ms="3899" status="PASS">
          <reporter-output>
          </reporter-output>
        </test-method> <!-- enterUsername -->
        <test-method is-config="true" signature="waitForanAppn()[pri:0, instance:TestNgAssertions.Soft_Assertion2@74f0ea28]" started-at="2024-02-14T08:06:36 IST" name="waitForanAppn" finished-at="2024-02-14T08:06:36 IST" duration-ms="3" status="PASS">
          <reporter-output>
          </reporter-output>
        </test-method> <!-- waitForanAppn -->
        <test-method is-config="true" signature="waitForanApplicaton()[pri:0, instance:TestNgAssertions.Soft_Assertion2@74f0ea28]" started-at="2024-02-14T08:06:36 IST" name="waitForanApplicaton" finished-at="2024-02-14T08:06:36 IST" duration-ms="13" status="PASS">
          <reporter-output>
          </reporter-output>
        </test-method> <!-- waitForanApplicaton -->
        <test-method signature="enterPassword()[pri:2, instance:TestNgAssertions.Soft_Assertion2@74f0ea28]" started-at="2024-02-14T08:06:36 IST" name="enterPassword" finished-at="2024-02-14T08:06:36 IST" duration-ms="283" status="PASS">
          <reporter-output>
          </reporter-output>
        </test-method> <!-- enterPassword -->
        <test-method is-config="true" signature="waitForanAppn()[pri:0, instance:TestNgAssertions.Soft_Assertion2@74f0ea28]" started-at="2024-02-14T08:06:36 IST" name="waitForanAppn" finished-at="2024-02-14T08:06:36 IST" duration-ms="0" status="PASS">
          <reporter-output>
          </reporter-output>
        </test-method> <!-- waitForanAppn -->
        <test-method is-config="true" signature="waitForanApplicaton()[pri:0, instance:TestNgAssertions.Soft_Assertion2@74f0ea28]" started-at="2024-02-14T08:06:36 IST" name="waitForanApplicaton" finished-at="2024-02-14T08:06:36 IST" duration-ms="10" status="PASS">
          <reporter-output>
          </reporter-output>
        </test-method> <!-- waitForanApplicaton -->
        <test-method signature="clickLogin()[pri:3, instance:TestNgAssertions.Soft_Assertion2@74f0ea28]" started-at="2024-02-14T08:06:36 IST" name="clickLogin" finished-at="2024-02-14T08:06:38 IST" duration-ms="1802" status="FAIL">
          <exception class="java.lang.AssertionError">
            <message>
              <![CDATA[The following asserts failed:
TestNG Annotation Class expected [LiveTech] but found [OrangeHRM]]]>
            </message>
            <full-stacktrace>
              <![CDATA[java.lang.AssertionError: The following asserts failed:
TestNG Annotation Class expected [LiveTech] but found [OrangeHRM]
at org.testng.asserts.SoftAssert.assertAll(SoftAssert.java:46)
at org.testng.asserts.SoftAssert.assertAll(SoftAssert.java:30)
at TestNgAssertions.Soft_Assertion2.clickLogin(Soft_Assertion2.java:82)
at java.base/jdk.internal.reflect.NativeMethodAccessorImpl.invoke0(Native Method)
at java.base/jdk.internal.reflect.NativeMethodAccessorImpl.invoke(NativeMethodAccessorImpl.java:77)
at java.base/jdk.internal.reflect.DelegatingMethodAccessorImpl.invoke(DelegatingMethodAccessorImpl.java:43)
at java.base/java.lang.reflect.Method.invoke(Method.java:568)
at org.testng.internal.invokers.MethodInvocationHelper.invokeMethod(MethodInvocationHelper.java:139)
at org.testng.internal.invokers.TestInvoker.invokeMethod(TestInvoker.java:677)
at org.testng.internal.invokers.TestInvoker.invokeTestMethod(TestInvoker.java:221)
at org.testng.internal.invokers.MethodRunner.runInSequence(MethodRunner.java:50)
at org.testng.internal.invokers.TestInvoker$MethodInvocationAgent.invoke(TestInvoker.java:969)
at org.testng.internal.invokers.TestInvoker.invokeTestMethods(TestInvoker.java:194)
at org.testng.internal.invokers.TestMethodWorker.invokeTestMethods(TestMethodWorker.java:148)
at org.testng.internal.invokers.TestMethodWorker.run(TestMethodWorker.java:128)
at java.base/java.util.ArrayList.forEach(ArrayList.java:1511)
at org.testng.TestRunner.privateRun(TestRunner.java:829)
at org.testng.TestRunner.run(TestRunner.java:602)
at org.testng.SuiteRunner.runTest(SuiteRunner.java:437)
at org.testng.SuiteRunner.runSequentially(SuiteRunner.java:431)
at org.testng.SuiteRunner.privateRun(SuiteRunner.java:391)
at org.testng.SuiteRunner.run(SuiteRunner.java:330)
at org.testng.SuiteRunnerWorker.runSuite(SuiteRunnerWorker.java:52)
at org.testng.SuiteRunnerWorker.run(SuiteRunnerWorker.java:95)
at org.testng.TestNG.runSuitesSequentially(TestNG.java:1256)
at org.testng.TestNG.runSuitesLocally(TestNG.java:1176)
at org.testng.TestNG.runSuites(TestNG.java:1099)
at org.testng.TestNG.run(TestNG.java:1067)
at org.testng.remote.AbstractRemoteTestNG.run(AbstractRemoteTestNG.java:115)
at org.testng.remote.RemoteTestNG.initAndRun(RemoteTestNG.java:251)
at org.testng.remote.RemoteTestNG.main(RemoteTestNG.java:77)
]]>
            </full-stacktrace>
          </exception> <!-- java.lang.AssertionError -->
          <reporter-output>
          </reporter-output>
        </test-method> <!-- clickLogin -->
        <test-method is-config="true" signature="waitForanAppn()[pri:0, instance:TestNgAssertions.Soft_Assertion2@74f0ea28]" started-at="2024-02-14T08:06:38 IST" name="waitForanAppn" finished-at="2024-02-14T08:06:38 IST" duration-ms="7" status="PASS">
          <reporter-output>
          </reporter-output>
        </test-method> <!-- waitForanAppn -->
        <test-method is-config="true" signature="waitForanApplicaton()[pri:0, instance:TestNgAssertions.Soft_Assertion2@74f0ea28]" started-at="2024-02-14T08:06:38 IST" name="waitForanApplicaton" finished-at="2024-02-14T08:06:38 IST" duration-ms="15" status="PASS">
          <reporter-output>
          </reporter-output>
        </test-method> <!-- waitForanApplicaton -->
        <test-method signature="verifyAndClickAdminTab()[pri:4, instance:TestNgAssertions.Soft_Assertion2@74f0ea28]" started-at="2024-02-14T08:06:38 IST" name="verifyAndClickAdminTab" finished-at="2024-02-14T08:06:43 IST" duration-ms="4836" status="PASS">
          <reporter-output>
          </reporter-output>
        </test-method> <!-- verifyAndClickAdminTab -->
        <test-method is-config="true" signature="waitForanAppn()[pri:0, instance:TestNgAssertions.Soft_Assertion2@74f0ea28]" started-at="2024-02-14T08:06:43 IST" name="waitForanAppn" finished-at="2024-02-14T08:06:43 IST" duration-ms="6" status="PASS">
          <reporter-output>
          </reporter-output>
        </test-method> <!-- waitForanAppn -->
        <test-method is-config="true" signature="closeBrowser()[pri:0, instance:TestNgAssertions.Soft_Assertion2@74f0ea28]" started-at="2024-02-14T08:06:43 IST" name="closeBrowser" finished-at="2024-02-14T08:06:46 IST" duration-ms="3088" status="PASS">
          <reporter-output>
          </reporter-output>
        </test-method> <!-- closeBrowser -->
      </class> <!-- TestNgAssertions.Soft_Assertion2 -->
    </test> <!-- Default test -->
  </suite> <!-- Default suite -->
</testng-results>
